Determining if the pthread_create exist failed with the following output:
Change Dir: /home/tgeek/Projects/KCL/Endoscopic video/build/CMakeFiles/CMakeTmp

Run Build Command:"/usr/bin/make" "cmTC_fa298/fast"
/usr/bin/make -f CMakeFiles/cmTC_fa298.dir/build.make CMakeFiles/cmTC_fa298.dir/build
make[1]: 进入目录“/home/tgeek/Projects/KCL/Endoscopic video/build/CMakeFiles/CMakeTmp”
Building C object CMakeFiles/cmTC_fa298.dir/CheckSymbolExists.c.o
/usr/bin/cc   -fPIC    -o CMakeFiles/cmTC_fa298.dir/CheckSymbolExists.c.o   -c "/home/tgeek/Projects/KCL/Endoscopic video/build/CMakeFiles/CMakeTmp/CheckSymbolExists.c"
Linking C executable cmTC_fa298
/usr/bin/cmake -E cmake_link_script CMakeFiles/cmTC_fa298.dir/link.txt --verbose=1
/usr/bin/cc -fPIC     CMakeFiles/cmTC_fa298.dir/CheckSymbolExists.c.o  -o cmTC_fa298 
CMakeFiles/cmTC_fa298.dir/CheckSymbolExists.c.o：在函数‘main’中：
CheckSymbolExists.c:(.text+0x1b)：对‘pthread_create’未定义的引用
collect2: error: ld returned 1 exit status
CMakeFiles/cmTC_fa298.dir/build.make:97: recipe for target 'cmTC_fa298' failed
make[1]: *** [cmTC_fa298] Error 1
make[1]: 离开目录“/home/tgeek/Projects/KCL/Endoscopic video/build/CMakeFiles/CMakeTmp”
Makefile:126: recipe for target 'cmTC_fa298/fast' failed
make: *** [cmTC_fa298/fast] Error 2

File /home/tgeek/Projects/KCL/Endoscopic video/build/CMakeFiles/CMakeTmp/CheckSymbolExists.c:
/* */
#include <pthread.h>

int main(int argc, char** argv)
{
  (void)argv;
#ifndef pthread_create
  return ((int*)(&pthread_create))[argc];
#else
  (void)argc;
  return 0;
#endif
}

Determining if the function pthread_create exists in the pthreads failed with the following output:
Change Dir: /home/tgeek/Projects/KCL/Endoscopic video/build/CMakeFiles/CMakeTmp

Run Build Command:"/usr/bin/make" "cmTC_8c3e8/fast"
/usr/bin/make -f CMakeFiles/cmTC_8c3e8.dir/build.make CMakeFiles/cmTC_8c3e8.dir/build
make[1]: 进入目录“/home/tgeek/Projects/KCL/Endoscopic video/build/CMakeFiles/CMakeTmp”
Building C object CMakeFiles/cmTC_8c3e8.dir/CheckFunctionExists.c.o
/usr/bin/cc   -fPIC -DCHECK_FUNCTION_EXISTS=pthread_create   -o CMakeFiles/cmTC_8c3e8.dir/CheckFunctionExists.c.o   -c /usr/share/cmake-3.10/Modules/CheckFunctionExists.c
Linking C executable cmTC_8c3e8
/usr/bin/cmake -E cmake_link_script CMakeFiles/cmTC_8c3e8.dir/link.txt --verbose=1
/usr/bin/cc -fPIC -DCHECK_FUNCTION_EXISTS=pthread_create    CMakeFiles/cmTC_8c3e8.dir/CheckFunctionExists.c.o  -o cmTC_8c3e8 -lpthreads 
/usr/bin/ld: 找不到 -lpthreads
collect2: error: ld returned 1 exit status
CMakeFiles/cmTC_8c3e8.dir/build.make:97: recipe for target 'cmTC_8c3e8' failed
make[1]: *** [cmTC_8c3e8] Error 1
make[1]: 离开目录“/home/tgeek/Projects/KCL/Endoscopic video/build/CMakeFiles/CMakeTmp”
Makefile:126: recipe for target 'cmTC_8c3e8/fast' failed
make: *** [cmTC_8c3e8/fast] Error 2


